{
  "meta": {
    "format": 3,
    "version": "7.13.1",
    "timestamp": "2026-01-22T14:56:34.153839",
    "branch_coverage": false,
    "show_contexts": false
  },
  "files": {
    "stacks/__init__.py": {
      "executed_lines": [3, 4, 5, 6, 7, 8, 9, 10, 11],
      "summary": {
        "covered_lines": 9,
        "num_statements": 9,
        "percent_covered": 100.0,
        "percent_covered_display": "100",
        "missing_lines": 0,
        "excluded_lines": 0,
        "percent_statements_covered": 100.0,
        "percent_statements_covered_display": "100"
      },
      "missing_lines": [],
      "excluded_lines": [],
      "functions": {
        "": {
          "executed_lines": [3, 4, 5, 6, 7, 8, 9, 10, 11],
          "summary": {
            "covered_lines": 9,
            "num_statements": 9,
            "percent_covered": 100.0,
            "percent_covered_display": "100",
            "missing_lines": 0,
            "excluded_lines": 0,
            "percent_statements_covered": 100.0,
            "percent_statements_covered_display": "100"
          },
          "missing_lines": [],
          "excluded_lines": [],
          "start_line": 1
        }
      },
      "classes": {
        "": {
          "executed_lines": [3, 4, 5, 6, 7, 8, 9, 10, 11],
          "summary": {
            "covered_lines": 9,
            "num_statements": 9,
            "percent_covered": 100.0,
            "percent_covered_display": "100",
            "missing_lines": 0,
            "excluded_lines": 0,
            "percent_statements_covered": 100.0,
            "percent_statements_covered_display": "100"
          },
          "missing_lines": [],
          "excluded_lines": [],
          "start_line": 1
        }
      }
    },
    "stacks/compute.py": {
      "executed_lines": [10, 12, 14, 15, 18, 21, 22, 23, 24, 25, 26, 27, 28, 29, 32],
      "summary": {
        "covered_lines": 15,
        "num_statements": 69,
        "percent_covered": 21.73913043478261,
        "percent_covered_display": "22",
        "missing_lines": 54,
        "excluded_lines": 0,
        "percent_statements_covered": 21.73913043478261,
        "percent_statements_covered_display": "22"
      },
      "missing_lines": [
        52, 55, 63, 72, 73, 82, 93, 98, 145, 147, 169, 171, 182, 187, 192, 198, 206, 219, 232, 245,
        246, 259, 260, 273, 274, 282, 283, 294, 312, 313, 314, 327, 329, 338, 349, 361, 374, 375,
        388, 390, 397, 404, 416, 420, 421, 434, 435, 448, 516, 518, 528, 537, 545, 547
      ],
      "excluded_lines": [],
      "functions": {
        "create_cloud_run_services": {
          "executed_lines": [],
          "summary": {
            "covered_lines": 0,
            "num_statements": 54,
            "percent_covered": 0.0,
            "percent_covered_display": "0",
            "missing_lines": 54,
            "excluded_lines": 0,
            "percent_statements_covered": 0.0,
            "percent_statements_covered_display": "0"
          },
          "missing_lines": [
            52, 55, 63, 72, 73, 82, 93, 98, 145, 147, 169, 171, 182, 187, 192, 198, 206, 219, 232,
            245, 246, 259, 260, 273, 274, 282, 283, 294, 312, 313, 314, 327, 329, 338, 349, 361,
            374, 375, 388, 390, 397, 404, 416, 420, 421, 434, 435, 448, 516, 518, 528, 537, 545, 547
          ],
          "excluded_lines": [],
          "start_line": 32
        },
        "": {
          "executed_lines": [10, 12, 14, 15, 18, 21, 22, 23, 24, 25, 26, 27, 28, 29, 32],
          "summary": {
            "covered_lines": 15,
            "num_statements": 15,
            "percent_covered": 100.0,
            "percent_covered_display": "100",
            "missing_lines": 0,
            "excluded_lines": 0,
            "percent_statements_covered": 100.0,
            "percent_statements_covered_display": "100"
          },
          "missing_lines": [],
          "excluded_lines": [],
          "start_line": 1
        }
      },
      "classes": {
        "ServiceConfig": {
          "executed_lines": [],
          "summary": {
            "covered_lines": 0,
            "num_statements": 0,
            "percent_covered": 100.0,
            "percent_covered_display": "100",
            "missing_lines": 0,
            "excluded_lines": 0,
            "percent_statements_covered": 100.0,
            "percent_statements_covered_display": "100"
          },
          "missing_lines": [],
          "excluded_lines": [],
          "start_line": 18
        },
        "": {
          "executed_lines": [10, 12, 14, 15, 18, 21, 22, 23, 24, 25, 26, 27, 28, 29, 32],
          "summary": {
            "covered_lines": 15,
            "num_statements": 69,
            "percent_covered": 21.73913043478261,
            "percent_covered_display": "22",
            "missing_lines": 54,
            "excluded_lines": 0,
            "percent_statements_covered": 21.73913043478261,
            "percent_statements_covered_display": "22"
          },
          "missing_lines": [
            52, 55, 63, 72, 73, 82, 93, 98, 145, 147, 169, 171, 182, 187, 192, 198, 206, 219, 232,
            245, 246, 259, 260, 273, 274, 282, 283, 294, 312, 313, 314, 327, 329, 338, 349, 361,
            374, 375, 388, 390, 397, 404, 416, 420, 421, 434, 435, 448, 516, 518, 528, 537, 545, 547
          ],
          "excluded_lines": [],
          "start_line": 1
        }
      }
    },
    "stacks/database.py": {
      "executed_lines": [6, 8, 9, 12, 21, 24, 29, 30, 34, 88, 95, 103, 114, 120, 126],
      "summary": {
        "covered_lines": 15,
        "num_statements": 15,
        "percent_covered": 100.0,
        "percent_covered_display": "100",
        "missing_lines": 0,
        "excluded_lines": 0,
        "percent_statements_covered": 100.0,
        "percent_statements_covered_display": "100"
      },
      "missing_lines": [],
      "excluded_lines": [],
      "functions": {
        "create_cloud_sql": {
          "executed_lines": [21, 24, 29, 30, 34, 88, 95, 103, 114, 120, 126],
          "summary": {
            "covered_lines": 11,
            "num_statements": 11,
            "percent_covered": 100.0,
            "percent_covered_display": "100",
            "missing_lines": 0,
            "excluded_lines": 0,
            "percent_statements_covered": 100.0,
            "percent_statements_covered_display": "100"
          },
          "missing_lines": [],
          "excluded_lines": [],
          "start_line": 12
        },
        "": {
          "executed_lines": [6, 8, 9, 12],
          "summary": {
            "covered_lines": 4,
            "num_statements": 4,
            "percent_covered": 100.0,
            "percent_covered_display": "100",
            "missing_lines": 0,
            "excluded_lines": 0,
            "percent_statements_covered": 100.0,
            "percent_statements_covered_display": "100"
          },
          "missing_lines": [],
          "excluded_lines": [],
          "start_line": 1
        }
      },
      "classes": {
        "": {
          "executed_lines": [6, 8, 9, 12, 21, 24, 29, 30, 34, 88, 95, 103, 114, 120, 126],
          "summary": {
            "covered_lines": 15,
            "num_statements": 15,
            "percent_covered": 100.0,
            "percent_covered_display": "100",
            "missing_lines": 0,
            "excluded_lines": 0,
            "percent_statements_covered": 100.0,
            "percent_statements_covered_display": "100"
          },
          "missing_lines": [],
          "excluded_lines": [],
          "start_line": 1
        }
      }
    },
    "stacks/dns.py": {
      "executed_lines": [9, 11, 14, 23, 37, 54, 61, 63, 64, 65, 68, 79, 82, 94, 107, 116],
      "summary": {
        "covered_lines": 16,
        "num_statements": 16,
        "percent_covered": 100.0,
        "percent_covered_display": "100",
        "missing_lines": 0,
        "excluded_lines": 0,
        "percent_statements_covered": 100.0,
        "percent_statements_covered_display": "100"
      },
      "missing_lines": [],
      "excluded_lines": [],
      "functions": {
        "create_dns_and_ssl": {
          "executed_lines": [23, 37, 54, 61, 63, 64, 65, 68, 79, 82, 94, 107, 116],
          "summary": {
            "covered_lines": 13,
            "num_statements": 13,
            "percent_covered": 100.0,
            "percent_covered_display": "100",
            "missing_lines": 0,
            "excluded_lines": 0,
            "percent_statements_covered": 100.0,
            "percent_statements_covered_display": "100"
          },
          "missing_lines": [],
          "excluded_lines": [],
          "start_line": 14
        },
        "": {
          "executed_lines": [9, 11, 14],
          "summary": {
            "covered_lines": 3,
            "num_statements": 3,
            "percent_covered": 100.0,
            "percent_covered_display": "100",
            "missing_lines": 0,
            "excluded_lines": 0,
            "percent_statements_covered": 100.0,
            "percent_statements_covered_display": "100"
          },
          "missing_lines": [],
          "excluded_lines": [],
          "start_line": 1
        }
      },
      "classes": {
        "": {
          "executed_lines": [9, 11, 14, 23, 37, 54, 61, 63, 64, 65, 68, 79, 82, 94, 107, 116],
          "summary": {
            "covered_lines": 16,
            "num_statements": 16,
            "percent_covered": 100.0,
            "percent_covered_display": "100",
            "missing_lines": 0,
            "excluded_lines": 0,
            "percent_statements_covered": 100.0,
            "percent_statements_covered_display": "100"
          },
          "missing_lines": [],
          "excluded_lines": [],
          "start_line": 1
        }
      }
    },
    "stacks/gke.py": {
      "executed_lines": [
        7, 9, 12, 15, 16, 17, 18, 19, 20, 23, 143, 145, 172, 174, 175, 238, 241, 280, 282
      ],
      "summary": {
        "covered_lines": 19,
        "num_statements": 25,
        "percent_covered": 76.0,
        "percent_covered_display": "76",
        "missing_lines": 6,
        "excluded_lines": 0,
        "percent_statements_covered": 76.0,
        "percent_statements_covered_display": "76"
      },
      "missing_lines": [28, 37, 44, 45, 53, 137],
      "excluded_lines": [],
      "functions": {
        "create_gke_cluster": {
          "executed_lines": [],
          "summary": {
            "covered_lines": 0,
            "num_statements": 6,
            "percent_covered": 0.0,
            "percent_covered_display": "0",
            "missing_lines": 6,
            "excluded_lines": 0,
            "percent_statements_covered": 0.0,
            "percent_statements_covered_display": "0"
          },
          "missing_lines": [28, 37, 44, 45, 53, 137],
          "excluded_lines": [],
          "start_line": 23
        },
        "create_gpu_node_pools": {
          "executed_lines": [145, 172, 174, 175, 238, 241, 280, 282],
          "summary": {
            "covered_lines": 8,
            "num_statements": 8,
            "percent_covered": 100.0,
            "percent_covered_display": "100",
            "missing_lines": 0,
            "excluded_lines": 0,
            "percent_statements_covered": 100.0,
            "percent_statements_covered_display": "100"
          },
          "missing_lines": [],
          "excluded_lines": [],
          "start_line": 143
        },
        "": {
          "executed_lines": [7, 9, 12, 15, 16, 17, 18, 19, 20, 23, 143],
          "summary": {
            "covered_lines": 11,
            "num_statements": 11,
            "percent_covered": 100.0,
            "percent_covered_display": "100",
            "missing_lines": 0,
            "excluded_lines": 0,
            "percent_statements_covered": 100.0,
            "percent_statements_covered_display": "100"
          },
          "missing_lines": [],
          "excluded_lines": [],
          "start_line": 1
        }
      },
      "classes": {
        "GpuConfig": {
          "executed_lines": [],
          "summary": {
            "covered_lines": 0,
            "num_statements": 0,
            "percent_covered": 100.0,
            "percent_covered_display": "100",
            "missing_lines": 0,
            "excluded_lines": 0,
            "percent_statements_covered": 100.0,
            "percent_statements_covered_display": "100"
          },
          "missing_lines": [],
          "excluded_lines": [],
          "start_line": 12
        },
        "": {
          "executed_lines": [
            7, 9, 12, 15, 16, 17, 18, 19, 20, 23, 143, 145, 172, 174, 175, 238, 241, 280, 282
          ],
          "summary": {
            "covered_lines": 19,
            "num_statements": 25,
            "percent_covered": 76.0,
            "percent_covered_display": "76",
            "missing_lines": 6,
            "excluded_lines": 0,
            "percent_statements_covered": 76.0,
            "percent_statements_covered_display": "76"
          },
          "missing_lines": [28, 37, 44, 45, 53, 137],
          "excluded_lines": [],
          "start_line": 1
        }
      }
    },
    "stacks/images.py": {
      "executed_lines": [7, 8, 9, 12, 125, 139],
      "summary": {
        "covered_lines": 6,
        "num_statements": 23,
        "percent_covered": 26.08695652173913,
        "percent_covered_display": "26",
        "missing_lines": 17,
        "excluded_lines": 0,
        "percent_statements_covered": 26.08695652173913,
        "percent_statements_covered_display": "26"
      },
      "missing_lines": [29, 32, 38, 82, 85, 86, 88, 90, 91, 92, 93, 95, 96, 97, 108, 120, 122],
      "excluded_lines": [],
      "functions": {
        "create_docker_images": {
          "executed_lines": [],
          "summary": {
            "covered_lines": 0,
            "num_statements": 14,
            "percent_covered": 0.0,
            "percent_covered_display": "0",
            "missing_lines": 14,
            "excluded_lines": 0,
            "percent_statements_covered": 0.0,
            "percent_statements_covered_display": "0"
          },
          "missing_lines": [29, 32, 38, 82, 90, 91, 92, 93, 95, 96, 97, 108, 120, 122],
          "excluded_lines": [],
          "start_line": 12
        },
        "create_docker_images.make_image_formatter": {
          "executed_lines": [],
          "summary": {
            "covered_lines": 0,
            "num_statements": 2,
            "percent_covered": 0.0,
            "percent_covered_display": "0",
            "missing_lines": 2,
            "excluded_lines": 0,
            "percent_statements_covered": 0.0,
            "percent_statements_covered_display": "0"
          },
          "missing_lines": [85, 88],
          "excluded_lines": [],
          "start_line": 82
        },
        "create_docker_images.make_image_formatter.format_image": {
          "executed_lines": [],
          "summary": {
            "covered_lines": 0,
            "num_statements": 1,
            "percent_covered": 0.0,
            "percent_covered_display": "0",
            "missing_lines": 1,
            "excluded_lines": 0,
            "percent_statements_covered": 0.0,
            "percent_statements_covered_display": "0"
          },
          "missing_lines": [86],
          "excluded_lines": [],
          "start_line": 85
        },
        "get_image_refs": {
          "executed_lines": [139],
          "summary": {
            "covered_lines": 1,
            "num_statements": 1,
            "percent_covered": 100.0,
            "percent_covered_display": "100",
            "missing_lines": 0,
            "excluded_lines": 0,
            "percent_statements_covered": 100.0,
            "percent_statements_covered_display": "100"
          },
          "missing_lines": [],
          "excluded_lines": [],
          "start_line": 125
        },
        "": {
          "executed_lines": [7, 8, 9, 12, 125],
          "summary": {
            "covered_lines": 5,
            "num_statements": 5,
            "percent_covered": 100.0,
            "percent_covered_display": "100",
            "missing_lines": 0,
            "excluded_lines": 0,
            "percent_statements_covered": 100.0,
            "percent_statements_covered_display": "100"
          },
          "missing_lines": [],
          "excluded_lines": [],
          "start_line": 1
        }
      },
      "classes": {
        "": {
          "executed_lines": [7, 8, 9, 12, 125, 139],
          "summary": {
            "covered_lines": 6,
            "num_statements": 23,
            "percent_covered": 26.08695652173913,
            "percent_covered_display": "26",
            "missing_lines": 17,
            "excluded_lines": 0,
            "percent_statements_covered": 26.08695652173913,
            "percent_statements_covered_display": "26"
          },
          "missing_lines": [29, 32, 38, 82, 85, 86, 88, 90, 91, 92, 93, 95, 96, 97, 108, 120, 122],
          "excluded_lines": [],
          "start_line": 1
        }
      }
    },
    "stacks/monitoring.py": {
      "executed_lines": [
        13, 15, 16, 19, 38, 45, 54, 61, 62, 82, 89, 125, 128, 164, 167, 198, 204, 349, 356, 390,
        393, 422, 429, 431, 438, 441, 451, 454, 461, 464, 487
      ],
      "summary": {
        "covered_lines": 31,
        "num_statements": 31,
        "percent_covered": 100.0,
        "percent_covered_display": "100",
        "missing_lines": 0,
        "excluded_lines": 0,
        "percent_statements_covered": 100.0,
        "percent_statements_covered_display": "100"
      },
      "missing_lines": [],
      "excluded_lines": [],
      "functions": {
        "create_monitoring": {
          "executed_lines": [
            38, 45, 54, 61, 62, 82, 89, 125, 128, 164, 167, 198, 204, 349, 356, 390, 393, 422, 429,
            431, 438, 441, 451, 454, 461
          ],
          "summary": {
            "covered_lines": 25,
            "num_statements": 25,
            "percent_covered": 100.0,
            "percent_covered_display": "100",
            "missing_lines": 0,
            "excluded_lines": 0,
            "percent_statements_covered": 100.0,
            "percent_statements_covered_display": "100"
          },
          "missing_lines": [],
          "excluded_lines": [],
          "start_line": 19
        },
        "create_error_reporting": {
          "executed_lines": [487],
          "summary": {
            "covered_lines": 1,
            "num_statements": 1,
            "percent_covered": 100.0,
            "percent_covered_display": "100",
            "missing_lines": 0,
            "excluded_lines": 0,
            "percent_statements_covered": 100.0,
            "percent_statements_covered_display": "100"
          },
          "missing_lines": [],
          "excluded_lines": [],
          "start_line": 464
        },
        "": {
          "executed_lines": [13, 15, 16, 19, 464],
          "summary": {
            "covered_lines": 5,
            "num_statements": 5,
            "percent_covered": 100.0,
            "percent_covered_display": "100",
            "missing_lines": 0,
            "excluded_lines": 0,
            "percent_statements_covered": 100.0,
            "percent_statements_covered_display": "100"
          },
          "missing_lines": [],
          "excluded_lines": [],
          "start_line": 1
        }
      },
      "classes": {
        "": {
          "executed_lines": [
            13, 15, 16, 19, 38, 45, 54, 61, 62, 82, 89, 125, 128, 164, 167, 198, 204, 349, 356, 390,
            393, 422, 429, 431, 438, 441, 451, 454, 461, 464, 487
          ],
          "summary": {
            "covered_lines": 31,
            "num_statements": 31,
            "percent_covered": 100.0,
            "percent_covered_display": "100",
            "missing_lines": 0,
            "excluded_lines": 0,
            "percent_statements_covered": 100.0,
            "percent_statements_covered_display": "100"
          },
          "missing_lines": [],
          "excluded_lines": [],
          "start_line": 1
        }
      }
    },
    "stacks/network.py": {
      "executed_lines": [6, 8, 11, 14, 22, 43, 51, 65, 87, 102],
      "summary": {
        "covered_lines": 10,
        "num_statements": 10,
        "percent_covered": 100.0,
        "percent_covered_display": "100",
        "missing_lines": 0,
        "excluded_lines": 0,
        "percent_statements_covered": 100.0,
        "percent_statements_covered_display": "100"
      },
      "missing_lines": [],
      "excluded_lines": [],
      "functions": {
        "create_vpc": {
          "executed_lines": [14, 22, 43, 51, 65, 87, 102],
          "summary": {
            "covered_lines": 7,
            "num_statements": 7,
            "percent_covered": 100.0,
            "percent_covered_display": "100",
            "missing_lines": 0,
            "excluded_lines": 0,
            "percent_statements_covered": 100.0,
            "percent_statements_covered_display": "100"
          },
          "missing_lines": [],
          "excluded_lines": [],
          "start_line": 11
        },
        "": {
          "executed_lines": [6, 8, 11],
          "summary": {
            "covered_lines": 3,
            "num_statements": 3,
            "percent_covered": 100.0,
            "percent_covered_display": "100",
            "missing_lines": 0,
            "excluded_lines": 0,
            "percent_statements_covered": 100.0,
            "percent_statements_covered_display": "100"
          },
          "missing_lines": [],
          "excluded_lines": [],
          "start_line": 1
        }
      },
      "classes": {
        "": {
          "executed_lines": [6, 8, 11, 14, 22, 43, 51, 65, 87, 102],
          "summary": {
            "covered_lines": 10,
            "num_statements": 10,
            "percent_covered": 100.0,
            "percent_covered_display": "100",
            "missing_lines": 0,
            "excluded_lines": 0,
            "percent_statements_covered": 100.0,
            "percent_statements_covered_display": "100"
          },
          "missing_lines": [],
          "excluded_lines": [],
          "start_line": 1
        }
      }
    },
    "stacks/redis.py": {
      "executed_lines": [11, 13, 14, 17, 26, 29, 95, 138, 155, 164, 168, 174],
      "summary": {
        "covered_lines": 12,
        "num_statements": 12,
        "percent_covered": 100.0,
        "percent_covered_display": "100",
        "missing_lines": 0,
        "excluded_lines": 0,
        "percent_statements_covered": 100.0,
        "percent_statements_covered_display": "100"
      },
      "missing_lines": [],
      "excluded_lines": [],
      "functions": {
        "create_redis_vm": {
          "executed_lines": [26, 29, 95, 138, 155, 164, 168, 174],
          "summary": {
            "covered_lines": 8,
            "num_statements": 8,
            "percent_covered": 100.0,
            "percent_covered_display": "100",
            "missing_lines": 0,
            "excluded_lines": 0,
            "percent_statements_covered": 100.0,
            "percent_statements_covered_display": "100"
          },
          "missing_lines": [],
          "excluded_lines": [],
          "start_line": 17
        },
        "": {
          "executed_lines": [11, 13, 14, 17],
          "summary": {
            "covered_lines": 4,
            "num_statements": 4,
            "percent_covered": 100.0,
            "percent_covered_display": "100",
            "missing_lines": 0,
            "excluded_lines": 0,
            "percent_statements_covered": 100.0,
            "percent_statements_covered_display": "100"
          },
          "missing_lines": [],
          "excluded_lines": [],
          "start_line": 1
        }
      },
      "classes": {
        "": {
          "executed_lines": [11, 13, 14, 17, 26, 29, 95, 138, 155, 164, 168, 174],
          "summary": {
            "covered_lines": 12,
            "num_statements": 12,
            "percent_covered": 100.0,
            "percent_covered_display": "100",
            "missing_lines": 0,
            "excluded_lines": 0,
            "percent_statements_covered": 100.0,
            "percent_statements_covered_display": "100"
          },
          "missing_lines": [],
          "excluded_lines": [],
          "start_line": 1
        }
      }
    },
    "stacks/secrets.py": {
      "executed_lines": [
        12, 14, 15, 16, 19, 21, 24, 30, 38, 44, 45, 47, 53, 61, 67, 68, 70, 76, 84, 90, 91, 93, 99,
        107, 113, 114, 121, 122, 124, 131, 137, 140, 147, 154, 159, 160, 166, 199, 200, 208, 214,
        216
      ],
      "summary": {
        "covered_lines": 42,
        "num_statements": 42,
        "percent_covered": 100.0,
        "percent_covered_display": "100",
        "missing_lines": 0,
        "excluded_lines": 0,
        "percent_statements_covered": 100.0,
        "percent_statements_covered_display": "100"
      },
      "missing_lines": [],
      "excluded_lines": [],
      "functions": {
        "create_secrets": {
          "executed_lines": [
            21, 24, 30, 38, 44, 45, 47, 53, 61, 67, 68, 70, 76, 84, 90, 91, 93, 99, 107, 113, 114,
            121, 122, 124, 131, 137, 140, 147, 154, 159, 160, 166, 199, 200, 208, 214, 216
          ],
          "summary": {
            "covered_lines": 37,
            "num_statements": 37,
            "percent_covered": 100.0,
            "percent_covered_display": "100",
            "missing_lines": 0,
            "excluded_lines": 0,
            "percent_statements_covered": 100.0,
            "percent_statements_covered_display": "100"
          },
          "missing_lines": [],
          "excluded_lines": [],
          "start_line": 19
        },
        "": {
          "executed_lines": [12, 14, 15, 16, 19],
          "summary": {
            "covered_lines": 5,
            "num_statements": 5,
            "percent_covered": 100.0,
            "percent_covered_display": "100",
            "missing_lines": 0,
            "excluded_lines": 0,
            "percent_statements_covered": 100.0,
            "percent_statements_covered_display": "100"
          },
          "missing_lines": [],
          "excluded_lines": [],
          "start_line": 1
        }
      },
      "classes": {
        "": {
          "executed_lines": [
            12, 14, 15, 16, 19, 21, 24, 30, 38, 44, 45, 47, 53, 61, 67, 68, 70, 76, 84, 90, 91, 93,
            99, 107, 113, 114, 121, 122, 124, 131, 137, 140, 147, 154, 159, 160, 166, 199, 200, 208,
            214, 216
          ],
          "summary": {
            "covered_lines": 42,
            "num_statements": 42,
            "percent_covered": 100.0,
            "percent_covered_display": "100",
            "missing_lines": 0,
            "excluded_lines": 0,
            "percent_statements_covered": 100.0,
            "percent_statements_covered_display": "100"
          },
          "missing_lines": [],
          "excluded_lines": [],
          "start_line": 1
        }
      }
    },
    "stacks/storage.py": {
      "executed_lines": [8, 11, 22, 23, 24, 25, 26, 29, 35, 64, 67, 71, 94],
      "summary": {
        "covered_lines": 13,
        "num_statements": 13,
        "percent_covered": 100.0,
        "percent_covered_display": "100",
        "missing_lines": 0,
        "excluded_lines": 0,
        "percent_statements_covered": 100.0,
        "percent_statements_covered_display": "100"
      },
      "missing_lines": [],
      "excluded_lines": [],
      "functions": {
        "create_bucket": {
          "executed_lines": [22, 23, 24, 25, 26, 29, 35, 64],
          "summary": {
            "covered_lines": 8,
            "num_statements": 8,
            "percent_covered": 100.0,
            "percent_covered_display": "100",
            "missing_lines": 0,
            "excluded_lines": 0,
            "percent_statements_covered": 100.0,
            "percent_statements_covered_display": "100"
          },
          "missing_lines": [],
          "excluded_lines": [],
          "start_line": 11
        },
        "create_artifact_registry": {
          "executed_lines": [71, 94],
          "summary": {
            "covered_lines": 2,
            "num_statements": 2,
            "percent_covered": 100.0,
            "percent_covered_display": "100",
            "missing_lines": 0,
            "excluded_lines": 0,
            "percent_statements_covered": 100.0,
            "percent_statements_covered_display": "100"
          },
          "missing_lines": [],
          "excluded_lines": [],
          "start_line": 67
        },
        "": {
          "executed_lines": [8, 11, 67],
          "summary": {
            "covered_lines": 3,
            "num_statements": 3,
            "percent_covered": 100.0,
            "percent_covered_display": "100",
            "missing_lines": 0,
            "excluded_lines": 0,
            "percent_statements_covered": 100.0,
            "percent_statements_covered_display": "100"
          },
          "missing_lines": [],
          "excluded_lines": [],
          "start_line": 1
        }
      },
      "classes": {
        "": {
          "executed_lines": [8, 11, 22, 23, 24, 25, 26, 29, 35, 64, 67, 71, 94],
          "summary": {
            "covered_lines": 13,
            "num_statements": 13,
            "percent_covered": 100.0,
            "percent_covered_display": "100",
            "missing_lines": 0,
            "excluded_lines": 0,
            "percent_statements_covered": 100.0,
            "percent_statements_covered_display": "100"
          },
          "missing_lines": [],
          "excluded_lines": [],
          "start_line": 1
        }
      }
    }
  },
  "totals": {
    "covered_lines": 188,
    "num_statements": 265,
    "percent_covered": 70.94339622641509,
    "percent_covered_display": "71",
    "missing_lines": 77,
    "excluded_lines": 0,
    "percent_statements_covered": 70.94339622641509,
    "percent_statements_covered_display": "71"
  }
}
